<?xml version="1.0" encoding="UTF-8"?>
<!-- Generated by org.testng.reporters.JUnitXMLReporter -->
<testsuite ignored="4" hostname="LAPTOP-NU1V4IQS" failures="0" tests="2" name="Test" time="0.131" errors="0" timestamp="2024-07-20T22:11:23 IST">
  <testcase classname="testng.OneTCExample" name="TestCase_01" time="0.012"/>
  <testcase classname="testng.MultipleTCExample" name="TC_04" time="0.002"/>
  <testcase classname="testng.MultipleTCExample" name="TC_03" time="0.0">
    <ignored/>
  </testcase> <!-- TC_03 -->
  <testcase classname="testng.MultipleTCExample" name="TC_02" time="0.0">
    <ignored/>
  </testcase> <!-- TC_02 -->
  <testcase classname="testng.BaseClass" name="@AfterTest method4" time="0.0">
    <ignored/>
  </testcase> <!-- @AfterTest method4 -->
  <testcase classname="testng.BaseClass" name="@BeforeTest method3" time="0.0">
    <ignored/>
  </testcase> <!-- @BeforeTest method3 -->
</testsuite> <!-- Test -->
